build/app/intermediates/manifest_merge_blame_file/release/manifest-merger-blame-release-report.txt
1<?xml version="1.0" encoding="utf-8"?>
2<manifest xmlns:android="http://schemas.android.com/apk/res/android"
3    package="com.jlca.modulate"
4    android:versionCode="4001"
5    android:versionName="1.5.0" >
6
7    <uses-sdk
8        android:minSdkVersion="21"
8-->src\main\AndroidManifest.xml
9        android:targetSdkVersion="34" />
9-->src\main\AndroidManifest.xml
10
11    <uses-permission android:name="android.permission.WAKE_LOCK" />
11-->src\main\AndroidManifest.xml:4:5-68
11-->src\main\AndroidManifest.xml:4:22-65
12    <uses-permission android:name="android.permission.INTERNET" />
12-->src\main\AndroidManifest.xml:5:5-67
12-->src\main\AndroidManifest.xml:5:22-64
13
14    <permission
14-->[androidx.core:core:1.10.1] AndroidManifest.xml:22:5-24:47
15        android:name="com.jlca.modulate.DYNAMIC_RECEIVER_NOT_EXPORTED_PERMISSION"
15-->[androidx.core:core:1.10.1] AndroidManifest.xml:23:9-81
16        android:protectionLevel="signature" />
16-->[androidx.core:core:1.10.1] AndroidManifest.xml:24:9-44
17
18    <uses-permission android:name="com.jlca.modulate.DYNAMIC_RECEIVER_NOT_EXPORTED_PERMISSION" />
18-->[androidx.core:core:1.10.1] AndroidManifest.xml:26:5-97
18-->[androidx.core:core:1.10.1] AndroidManifest.xml:26:22-94
19
20    <application
20-->src\main\AndroidManifest.xml:9:5-64:19
21        android:appComponentFactory="androidx.core.app.CoreComponentFactory"
21-->[androidx.core:core:1.10.1] AndroidManifest.xml:28:18-86
22        android:icon="@mipmap/ic_launcher"
22-->src\main\AndroidManifest.xml:12:9-43
23        android:label="Modulate"
23-->src\main\AndroidManifest.xml:10:9-33
24        android:requestLegacyExternalStorage="true"
24-->src\main\AndroidManifest.xml:14:9-52
25        android:roundIcon="@mipmap/round_launcher" >
25-->src\main\AndroidManifest.xml:13:9-51
26        <activity
26-->src\main\AndroidManifest.xml:16:9-54:20
27            android:name="com.jlca.modulate.MainActivity"
27-->src\main\AndroidManifest.xml:17:13-41
28            android:configChanges="orientation|keyboardHidden|keyboard|screenSize|smallestScreenSize|locale|layoutDirection|fontScale|screenLayout|density|uiMode"
28-->src\main\AndroidManifest.xml:21:13-163
29            android:exported="true"
29-->src\main\AndroidManifest.xml:18:13-36
30            android:hardwareAccelerated="true"
30-->src\main\AndroidManifest.xml:22:13-47
31            android:launchMode="singleTop"
31-->src\main\AndroidManifest.xml:19:13-43
32            android:theme="@style/LaunchTheme"
32-->src\main\AndroidManifest.xml:20:13-47
33            android:windowSoftInputMode="adjustResize" >
33-->src\main\AndroidManifest.xml:23:13-55
34
35            <!--
36                 Specifies an Android theme to apply to this Activity as soon as
37                 the Android process has started. This theme is visible to the user
38                 while the Flutter UI initializes. After that, this theme continues
39                 to determine the Window background behind the Flutter UI.
40            -->
41            <meta-data
41-->src\main\AndroidManifest.xml:28:13-31:17
42                android:name="io.flutter.embedding.android.NormalTheme"
42-->src\main\AndroidManifest.xml:29:15-70
43                android:resource="@style/NormalTheme" />
43-->src\main\AndroidManifest.xml:30:15-52
44            <!--
45                 Displays an Android View that continues showing the launch screen
46                 Drawable until Flutter paints its first frame, then this splash
47                 screen fades out. A splash screen is useful to avoid any visual
48                 gap between the end of Android's launch screen and the painting of
49                 Flutter's first frame.
50            -->
51            <meta-data
51-->src\main\AndroidManifest.xml:37:13-40:17
52                android:name="io.flutter.embedding.android.SplashScreenDrawable"
52-->src\main\AndroidManifest.xml:38:15-79
53                android:resource="@drawable/launch_background" />
53-->src\main\AndroidManifest.xml:39:15-61
54
55            <intent-filter>
55-->src\main\AndroidManifest.xml:41:13-44:29
56                <action android:name="android.intent.action.MAIN" />
56-->src\main\AndroidManifest.xml:42:17-68
56-->src\main\AndroidManifest.xml:42:25-66
57
58                <category android:name="android.intent.category.LAUNCHER" />
58-->src\main\AndroidManifest.xml:43:17-76
58-->src\main\AndroidManifest.xml:43:27-74
59            </intent-filter>
60            <!-- Deep linking -->
61            <meta-data
61-->src\main\AndroidManifest.xml:46:13-90
62                android:name="flutter_deeplinking_enabled"
62-->src\main\AndroidManifest.xml:46:24-66
63                android:value="true" />
63-->src\main\AndroidManifest.xml:46:67-87
64
65            <intent-filter android:autoVerify="true" >
65-->src\main\AndroidManifest.xml:47:13-52:29
65-->src\main\AndroidManifest.xml:47:28-53
66                <action android:name="android.intent.action.VIEW" />
66-->src\main\AndroidManifest.xml:48:17-69
66-->src\main\AndroidManifest.xml:48:25-66
67
68                <category android:name="android.intent.category.DEFAULT" />
68-->src\main\AndroidManifest.xml:49:17-76
68-->src\main\AndroidManifest.xml:49:27-73
69                <category android:name="android.intent.category.BROWSABLE" />
69-->src\main\AndroidManifest.xml:50:17-78
69-->src\main\AndroidManifest.xml:50:27-75
70
71                <data
71-->src\main\AndroidManifest.xml:51:17-79
72                    android:host="modulate.com"
72-->src\main\AndroidManifest.xml:51:49-76
73                    android:scheme="modulate" />
73-->src\main\AndroidManifest.xml:51:23-48
74            </intent-filter>
75        </activity>
76
77        <!--
78             Don't delete the meta-data below.
79             This is used by the Flutter tool to generate GeneratedPluginRegistrant.java
80        -->
81        <meta-data
81-->src\main\AndroidManifest.xml:58:9-60:33
82            android:name="flutterEmbedding"
82-->src\main\AndroidManifest.xml:59:13-44
83            android:value="2" />
83-->src\main\AndroidManifest.xml:60:13-30
84
85        <activity
85-->[:url_launcher_android] AndroidManifest.xml:10:9-13:74
86            android:name="io.flutter.plugins.urllauncher.WebViewActivity"
86-->[:url_launcher_android] AndroidManifest.xml:11:13-74
87            android:exported="false"
87-->[:url_launcher_android] AndroidManifest.xml:12:13-37
88            android:theme="@android:style/Theme.NoTitleBar.Fullscreen" />
88-->[:url_launcher_android] AndroidManifest.xml:13:13-71
89
90        <uses-library
90-->[androidx.window:window:1.0.0-beta04] AndroidManifest.xml:25:9-27:40
91            android:name="androidx.window.extensions"
91-->[androidx.window:window:1.0.0-beta04] AndroidManifest.xml:26:13-54
92            android:required="false" />
92-->[androidx.window:window:1.0.0-beta04] AndroidManifest.xml:27:13-37
93        <uses-library
93-->[androidx.window:window:1.0.0-beta04] AndroidManifest.xml:28:9-30:40
94            android:name="androidx.window.sidecar"
94-->[androidx.window:window:1.0.0-beta04] AndroidManifest.xml:29:13-51
95            android:required="false" />
95-->[androidx.window:window:1.0.0-beta04] AndroidManifest.xml:30:13-37
96    </application>
97
98</manifest>